{"C:\\Users\\marco\\WebstormProjects\\pptx-renderer\\packages\\primitives\\src\\index.js": {"path":"C:\\Users\\marco\\WebstormProjects\\pptx-renderer\\packages\\primitives\\src\\index.js","all":false,"statementMap":{"0":{"start":{"line":1,"column":0},"end":{"line":1,"column":35}},"1":{"start":{"line":2,"column":0},"end":{"line":2,"column":0}},"2":{"start":{"line":3,"column":0},"end":{"line":3,"column":33}},"3":{"start":{"line":4,"column":0},"end":{"line":4,"column":0}},"4":{"start":{"line":5,"column":0},"end":{"line":5,"column":29}},"5":{"start":{"line":6,"column":0},"end":{"line":6,"column":0}},"6":{"start":{"line":7,"column":0},"end":{"line":7,"column":41}},"7":{"start":{"line":8,"column":0},"end":{"line":8,"column":0}},"8":{"start":{"line":9,"column":0},"end":{"line":9,"column":27}},"9":{"start":{"line":10,"column":0},"end":{"line":10,"column":0}},"10":{"start":{"line":11,"column":0},"end":{"line":11,"column":29}},"11":{"start":{"line":12,"column":0},"end":{"line":12,"column":0}},"12":{"start":{"line":13,"column":0},"end":{"line":13,"column":29}},"13":{"start":{"line":14,"column":0},"end":{"line":14,"column":0}},"14":{"start":{"line":15,"column":0},"end":{"line":15,"column":29}},"15":{"start":{"line":16,"column":0},"end":{"line":16,"column":0}},"16":{"start":{"line":17,"column":0},"end":{"line":17,"column":29}},"17":{"start":{"line":18,"column":0},"end":{"line":18,"column":0}},"18":{"start":{"line":19,"column":0},"end":{"line":19,"column":29}},"19":{"start":{"line":20,"column":0},"end":{"line":20,"column":0}},"20":{"start":{"line":21,"column":0},"end":{"line":21,"column":35}},"21":{"start":{"line":22,"column":0},"end":{"line":22,"column":0}},"22":{"start":{"line":23,"column":0},"end":{"line":23,"column":37}},"23":{"start":{"line":24,"column":0},"end":{"line":24,"column":0}},"24":{"start":{"line":25,"column":0},"end":{"line":25,"column":29}},"25":{"start":{"line":26,"column":0},"end":{"line":26,"column":0}},"26":{"start":{"line":27,"column":0},"end":{"line":27,"column":44}}},"s":{"0":1,"1":1,"2":1,"3":1,"4":1,"5":1,"6":1,"7":1,"8":1,"9":1,"10":1,"11":1,"12":1,"13":1,"14":1,"15":1,"16":1,"17":1,"18":1,"19":1,"20":1,"21":14,"22":14,"23":14,"24":1,"25":1,"26":1},"branchMap":{"0":{"type":"branch","line":1,"loc":{"start":{"line":1,"column":0},"end":{"line":27,"column":44}},"locations":[{"start":{"line":1,"column":0},"end":{"line":27,"column":44}}]},"1":{"type":"branch","line":1,"loc":{"start":{"line":1,"column":0},"end":{"line":27,"column":44}},"locations":[{"start":{"line":1,"column":0},"end":{"line":27,"column":44}}]},"2":{"type":"branch","line":13,"loc":{"start":{"line":13,"column":14},"end":{"line":17,"column":12}},"locations":[{"start":{"line":13,"column":14},"end":{"line":17,"column":12}}]},"3":{"type":"branch","line":18,"loc":{"start":{"line":18,"column":-1},"end":{"line":25,"column":2}},"locations":[{"start":{"line":18,"column":-1},"end":{"line":25,"column":2}}]},"4":{"type":"branch","line":21,"loc":{"start":{"line":21,"column":14},"end":{"line":25,"column":0}},"locations":[{"start":{"line":21,"column":14},"end":{"line":25,"column":0}}]},"5":{"type":"branch","line":25,"loc":{"start":{"line":25,"column":21},"end":{"line":27,"column":44}},"locations":[{"start":{"line":25,"column":21},"end":{"line":27,"column":44}}]}},"b":{"0":[1],"1":[1],"2":[1],"3":[1],"4":[14],"5":[1]},"fnMap":{"0":{"name":"Object.<anonymous>","decl":{"start":{"line":1,"column":0},"end":{"line":27,"column":44}},"loc":{"start":{"line":1,"column":0},"end":{"line":27,"column":44}},"line":1},"1":{"name":"__markAsModule","decl":{"start":{"line":13,"column":14},"end":{"line":17,"column":12}},"loc":{"start":{"line":13,"column":14},"end":{"line":17,"column":12}},"line":13},"2":{"name":"__export","decl":{"start":{"line":18,"column":-1},"end":{"line":25,"column":2}},"loc":{"start":{"line":18,"column":-1},"end":{"line":25,"column":2}},"line":18},"3":{"name":"__reExport","decl":{"start":{"line":25,"column":21},"end":{"line":27,"column":44}},"loc":{"start":{"line":25,"column":21},"end":{"line":27,"column":44}},"line":25}},"f":{"0":1,"1":1,"2":1,"3":1}}
,"C:\\Users\\marco\\WebstormProjects\\pptx-renderer\\packages\\renderer\\src\\host.js": {"path":"C:\\Users\\marco\\WebstormProjects\\pptx-renderer\\packages\\renderer\\src\\host.js","all":false,"statementMap":{"0":{"start":{"line":1,"column":0},"end":{"line":1,"column":42}},"1":{"start":{"line":2,"column":0},"end":{"line":2,"column":0}},"2":{"start":{"line":3,"column":0},"end":{"line":3,"column":14}},"3":{"start":{"line":4,"column":0},"end":{"line":4,"column":0}},"4":{"start":{"line":5,"column":0},"end":{"line":5,"column":8}},"5":{"start":{"line":6,"column":0},"end":{"line":6,"column":54}},"6":{"start":{"line":7,"column":0},"end":{"line":7,"column":50}},"7":{"start":{"line":8,"column":0},"end":{"line":8,"column":21}},"8":{"start":{"line":9,"column":0},"end":{"line":9,"column":19}},"9":{"start":{"line":10,"column":0},"end":{"line":10,"column":39}},"10":{"start":{"line":11,"column":0},"end":{"line":11,"column":47}},"11":{"start":{"line":12,"column":0},"end":{"line":12,"column":0}},"12":{"start":{"line":13,"column":0},"end":{"line":13,"column":23}},"13":{"start":{"line":14,"column":0},"end":{"line":14,"column":0}},"14":{"start":{"line":15,"column":0},"end":{"line":15,"column":20}},"15":{"start":{"line":16,"column":0},"end":{"line":16,"column":25}},"16":{"start":{"line":17,"column":0},"end":{"line":17,"column":0}},"17":{"start":{"line":18,"column":0},"end":{"line":18,"column":23}},"18":{"start":{"line":19,"column":0},"end":{"line":19,"column":0}},"19":{"start":{"line":20,"column":0},"end":{"line":20,"column":25}},"20":{"start":{"line":21,"column":0},"end":{"line":21,"column":0}},"21":{"start":{"line":22,"column":0},"end":{"line":22,"column":27}},"22":{"start":{"line":23,"column":0},"end":{"line":23,"column":0}},"23":{"start":{"line":24,"column":0},"end":{"line":24,"column":26}},"24":{"start":{"line":25,"column":0},"end":{"line":25,"column":0}},"25":{"start":{"line":26,"column":0},"end":{"line":26,"column":6}},"26":{"start":{"line":27,"column":0},"end":{"line":27,"column":0}},"27":{"start":{"line":28,"column":0},"end":{"line":28,"column":26}},"28":{"start":{"line":29,"column":0},"end":{"line":29,"column":0}},"29":{"start":{"line":30,"column":0},"end":{"line":30,"column":45}},"30":{"start":{"line":31,"column":0},"end":{"line":31,"column":40}},"31":{"start":{"line":32,"column":0},"end":{"line":32,"column":4}},"32":{"start":{"line":33,"column":0},"end":{"line":33,"column":0}},"33":{"start":{"line":34,"column":0},"end":{"line":34,"column":48}},"34":{"start":{"line":35,"column":0},"end":{"line":35,"column":12}},"35":{"start":{"line":36,"column":0},"end":{"line":36,"column":11}},"36":{"start":{"line":37,"column":0},"end":{"line":37,"column":25}},"37":{"start":{"line":38,"column":0},"end":{"line":38,"column":18}},"38":{"start":{"line":39,"column":0},"end":{"line":39,"column":6}},"39":{"start":{"line":40,"column":0},"end":{"line":40,"column":4}},"40":{"start":{"line":41,"column":0},"end":{"line":41,"column":0}},"41":{"start":{"line":42,"column":0},"end":{"line":42,"column":55}},"42":{"start":{"line":43,"column":0},"end":{"line":43,"column":49}},"43":{"start":{"line":44,"column":0},"end":{"line":44,"column":4}},"44":{"start":{"line":45,"column":0},"end":{"line":45,"column":0}},"45":{"start":{"line":46,"column":0},"end":{"line":46,"column":54}},"46":{"start":{"line":47,"column":0},"end":{"line":47,"column":17}},"47":{"start":{"line":48,"column":0},"end":{"line":48,"column":4}},"48":{"start":{"line":49,"column":0},"end":{"line":49,"column":0}},"49":{"start":{"line":50,"column":0},"end":{"line":50,"column":31}},"50":{"start":{"line":51,"column":0},"end":{"line":51,"column":20}},"51":{"start":{"line":52,"column":0},"end":{"line":52,"column":4}},"52":{"start":{"line":53,"column":0},"end":{"line":53,"column":0}},"53":{"start":{"line":54,"column":0},"end":{"line":54,"column":22}},"54":{"start":{"line":55,"column":0},"end":{"line":55,"column":11}},"55":{"start":{"line":56,"column":0},"end":{"line":56,"column":4}},"56":{"start":{"line":57,"column":0},"end":{"line":57,"column":0}},"57":{"start":{"line":58,"column":0},"end":{"line":58,"column":20}},"58":{"start":{"line":59,"column":0},"end":{"line":59,"column":11}},"59":{"start":{"line":60,"column":0},"end":{"line":60,"column":4}},"60":{"start":{"line":61,"column":0},"end":{"line":61,"column":0}},"61":{"start":{"line":62,"column":0},"end":{"line":62,"column":52}},"62":{"start":{"line":63,"column":0},"end":{"line":63,"column":43}},"63":{"start":{"line":64,"column":0},"end":{"line":64,"column":4}},"64":{"start":{"line":65,"column":0},"end":{"line":65,"column":0}},"65":{"start":{"line":66,"column":0},"end":{"line":66,"column":33}},"66":{"start":{"line":67,"column":0},"end":{"line":67,"column":11}},"67":{"start":{"line":68,"column":0},"end":{"line":68,"column":4}},"68":{"start":{"line":69,"column":0},"end":{"line":69,"column":0}},"69":{"start":{"line":70,"column":0},"end":{"line":70,"column":34}},"70":{"start":{"line":71,"column":0},"end":{"line":71,"column":11}},"71":{"start":{"line":72,"column":0},"end":{"line":72,"column":4}},"72":{"start":{"line":73,"column":0},"end":{"line":73,"column":0}},"73":{"start":{"line":74,"column":0},"end":{"line":74,"column":24}},"74":{"start":{"line":75,"column":0},"end":{"line":75,"column":23}},"75":{"start":{"line":76,"column":0},"end":{"line":76,"column":4}},"76":{"start":{"line":77,"column":0},"end":{"line":77,"column":0}},"77":{"start":{"line":78,"column":0},"end":{"line":78,"column":25}},"78":{"start":{"line":79,"column":0},"end":{"line":79,"column":23}},"79":{"start":{"line":80,"column":0},"end":{"line":80,"column":4}},"80":{"start":{"line":81,"column":0},"end":{"line":81,"column":0}},"81":{"start":{"line":82,"column":0},"end":{"line":82,"column":42}},"82":{"start":{"line":83,"column":0},"end":{"line":83,"column":17}},"83":{"start":{"line":84,"column":0},"end":{"line":84,"column":4}},"84":{"start":{"line":85,"column":0},"end":{"line":85,"column":0}},"85":{"start":{"line":86,"column":0},"end":{"line":86,"column":38}},"86":{"start":{"line":87,"column":0},"end":{"line":87,"column":40}},"87":{"start":{"line":88,"column":0},"end":{"line":88,"column":4}},"88":{"start":{"line":89,"column":0},"end":{"line":89,"column":0}},"89":{"start":{"line":90,"column":0},"end":{"line":90,"column":49}},"90":{"start":{"line":91,"column":0},"end":{"line":91,"column":41}},"91":{"start":{"line":92,"column":0},"end":{"line":92,"column":38}},"92":{"start":{"line":93,"column":0},"end":{"line":93,"column":12}},"93":{"start":{"line":94,"column":0},"end":{"line":94,"column":42}},"94":{"start":{"line":95,"column":0},"end":{"line":95,"column":5}},"95":{"start":{"line":96,"column":0},"end":{"line":96,"column":4}},"96":{"start":{"line":97,"column":0},"end":{"line":97,"column":0}},"97":{"start":{"line":98,"column":0},"end":{"line":98,"column":52}},"98":{"start":{"line":99,"column":0},"end":{"line":99,"column":64}},"99":{"start":{"line":100,"column":0},"end":{"line":100,"column":0}},"100":{"start":{"line":101,"column":0},"end":{"line":101,"column":30}},"101":{"start":{"line":102,"column":0},"end":{"line":102,"column":13}},"102":{"start":{"line":103,"column":0},"end":{"line":103,"column":5}},"103":{"start":{"line":104,"column":0},"end":{"line":104,"column":0}},"104":{"start":{"line":105,"column":0},"end":{"line":105,"column":32}},"105":{"start":{"line":106,"column":0},"end":{"line":106,"column":54}},"106":{"start":{"line":107,"column":0},"end":{"line":107,"column":5}},"107":{"start":{"line":108,"column":0},"end":{"line":108,"column":4}},"108":{"start":{"line":109,"column":0},"end":{"line":109,"column":0}},"109":{"start":{"line":110,"column":0},"end":{"line":110,"column":38}},"110":{"start":{"line":111,"column":0},"end":{"line":111,"column":58}},"111":{"start":{"line":112,"column":0},"end":{"line":112,"column":0}},"112":{"start":{"line":113,"column":0},"end":{"line":113,"column":30}},"113":{"start":{"line":114,"column":0},"end":{"line":114,"column":13}},"114":{"start":{"line":115,"column":0},"end":{"line":115,"column":5}},"115":{"start":{"line":116,"column":0},"end":{"line":116,"column":0}},"116":{"start":{"line":117,"column":0},"end":{"line":117,"column":23}},"117":{"start":{"line":118,"column":0},"end":{"line":118,"column":47}},"118":{"start":{"line":119,"column":0},"end":{"line":119,"column":5}},"119":{"start":{"line":120,"column":0},"end":{"line":120,"column":4}},"120":{"start":{"line":121,"column":0},"end":{"line":121,"column":0}},"121":{"start":{"line":122,"column":0},"end":{"line":122,"column":51}},"122":{"start":{"line":123,"column":0},"end":{"line":123,"column":58}},"123":{"start":{"line":124,"column":0},"end":{"line":124,"column":0}},"124":{"start":{"line":125,"column":0},"end":{"line":125,"column":30}},"125":{"start":{"line":126,"column":0},"end":{"line":126,"column":13}},"126":{"start":{"line":127,"column":0},"end":{"line":127,"column":5}},"127":{"start":{"line":128,"column":0},"end":{"line":128,"column":0}},"128":{"start":{"line":129,"column":0},"end":{"line":129,"column":23}},"129":{"start":{"line":130,"column":0},"end":{"line":130,"column":47}},"130":{"start":{"line":131,"column":0},"end":{"line":131,"column":5}},"131":{"start":{"line":132,"column":0},"end":{"line":132,"column":4}},"132":{"start":{"line":133,"column":0},"end":{"line":133,"column":0}},"133":{"start":{"line":134,"column":0},"end":{"line":134,"column":52}},"134":{"start":{"line":135,"column":0},"end":{"line":135,"column":33}},"135":{"start":{"line":136,"column":0},"end":{"line":136,"column":4}},"136":{"start":{"line":137,"column":0},"end":{"line":137,"column":0}},"137":{"start":{"line":138,"column":0},"end":{"line":138,"column":67}},"138":{"start":{"line":139,"column":0},"end":{"line":139,"column":30}},"139":{"start":{"line":140,"column":0},"end":{"line":140,"column":3}},"140":{"start":{"line":141,"column":0},"end":{"line":141,"column":2}},"141":{"start":{"line":142,"column":0},"end":{"line":142,"column":0}},"142":{"start":{"line":143,"column":0},"end":{"line":143,"column":51}}},"s":{"0":1,"1":1,"2":1,"3":1,"4":1,"5":1,"6":1,"7":1,"8":1,"9":1,"10":1,"11":4,"12":4,"13":4,"14":4,"15":1,"16":1,"17":1,"18":1,"19":1,"20":1,"21":1,"22":1,"23":1,"24":1,"25":1,"26":1,"27":1,"28":4,"29":4,"30":4,"31":1,"32":1,"33":4,"34":4,"35":21,"36":21,"37":18,"38":17,"39":17,"40":17,"41":21,"42":18,"43":18,"44":18,"45":1,"46":1,"47":3,"48":3,"49":3,"50":3,"51":3,"52":3,"53":3,"54":3,"55":3,"56":3,"57":3,"58":3,"59":3,"60":3,"61":3,"62":3,"63":1,"64":1,"65":1,"66":1,"67":1,"68":1,"69":1,"70":1,"71":1,"72":1,"73":1,"74":1,"75":1,"76":1,"77":1,"78":1,"79":1,"80":1,"81":1,"82":1,"83":1,"84":1,"85":1,"86":1,"87":1,"88":1,"89":1,"90":1,"91":1,"92":1,"93":1,"94":1,"95":1,"96":1,"97":1,"98":1,"99":1,"100":1,"101":1,"102":1,"103":1,"104":1,"105":1,"106":1,"107":1,"108":1,"109":1,"110":1,"111":1,"112":1,"113":1,"114":0,"115":0,"116":0,"117":0,"118":1,"119":0,"120":0,"121":0,"122":0,"123":0,"124":1,"125":0,"126":0,"127":0,"128":0,"129":1,"130":0,"131":0,"132":0,"133":1,"134":1,"135":0,"136":0,"137":1,"138":0,"139":0,"140":0,"141":0,"142":1},"branchMap":{"0":{"type":"branch","line":1,"loc":{"start":{"line":1,"column":0},"end":{"line":143,"column":51}},"locations":[{"start":{"line":1,"column":0},"end":{"line":143,"column":51}}]},"1":{"type":"branch","line":1,"loc":{"start":{"line":1,"column":0},"end":{"line":143,"column":51}},"locations":[{"start":{"line":1,"column":0},"end":{"line":143,"column":51}}]},"2":{"type":"branch","line":86,"loc":{"start":{"line":86,"column":34},"end":{"line":86,"column":37}},"locations":[{"start":{"line":86,"column":34},"end":{"line":86,"column":37}}]},"3":{"type":"branch","line":11,"loc":{"start":{"line":11,"column":35},"end":{"line":16,"column":0}},"locations":[{"start":{"line":11,"column":35},"end":{"line":16,"column":0}}]},"4":{"type":"branch","line":16,"loc":{"start":{"line":16,"column":17},"end":{"line":24,"column":20}},"locations":[{"start":{"line":16,"column":17},"end":{"line":24,"column":20}}]},"5":{"type":"branch","line":28,"loc":{"start":{"line":28,"column":3},"end":{"line":46,"column":46}},"locations":[{"start":{"line":28,"column":3},"end":{"line":46,"column":46}}]},"6":{"type":"branch","line":31,"loc":{"start":{"line":31,"column":16},"end":{"line":34,"column":1}},"locations":[{"start":{"line":31,"column":16},"end":{"line":34,"column":1}}]},"7":{"type":"branch","line":35,"loc":{"start":{"line":35,"column":10},"end":{"line":46,"column":23}},"locations":[{"start":{"line":35,"column":10},"end":{"line":46,"column":23}}]},"8":{"type":"branch","line":37,"loc":{"start":{"line":37,"column":21},"end":{"line":42,"column":0}},"locations":[{"start":{"line":37,"column":21},"end":{"line":42,"column":0}}]},"9":{"type":"branch","line":38,"loc":{"start":{"line":38,"column":11},"end":{"line":41,"column":0}},"locations":[{"start":{"line":38,"column":11},"end":{"line":41,"column":0}}]},"10":{"type":"branch","line":42,"loc":{"start":{"line":42,"column":10},"end":{"line":46,"column":23}},"locations":[{"start":{"line":42,"column":10},"end":{"line":46,"column":23}}]},"11":{"type":"branch","line":42,"loc":{"start":{"line":42,"column":40},"end":{"line":43,"column":2}},"locations":[{"start":{"line":42,"column":40},"end":{"line":43,"column":2}}]},"12":{"type":"branch","line":47,"loc":{"start":{"line":47,"column":7},"end":{"line":66,"column":29}},"locations":[{"start":{"line":47,"column":7},"end":{"line":66,"column":29}}]},"13":{"type":"branch","line":58,"loc":{"start":{"line":58,"column":5},"end":{"line":58,"column":9}},"locations":[{"start":{"line":58,"column":5},"end":{"line":58,"column":9}}]},"14":{"type":"branch","line":62,"loc":{"start":{"line":62,"column":28},"end":{"line":63,"column":25}},"locations":[{"start":{"line":62,"column":28},"end":{"line":63,"column":25}}]},"15":{"type":"branch","line":63,"loc":{"start":{"line":63,"column":26},"end":{"line":66,"column":14}},"locations":[{"start":{"line":63,"column":26},"end":{"line":66,"column":14}}]},"16":{"type":"branch","line":70,"loc":{"start":{"line":70,"column":15},"end":{"line":82,"column":36}},"locations":[{"start":{"line":70,"column":15},"end":{"line":82,"column":36}}]},"17":{"type":"branch","line":71,"loc":{"start":{"line":71,"column":2},"end":{"line":82,"column":33}},"locations":[{"start":{"line":71,"column":2},"end":{"line":82,"column":33}}]},"18":{"type":"branch","line":90,"loc":{"start":{"line":90,"column":16},"end":{"line":90,"column":30}},"locations":[{"start":{"line":90,"column":16},"end":{"line":90,"column":30}}]}},"b":{"0":[1],"1":[1],"2":[0],"3":[4],"4":[1],"5":[4],"6":[1],"7":[21],"8":[18],"9":[17],"10":[18],"11":[1],"12":[3],"13":[0],"14":[2],"15":[1],"16":[1],"17":[1],"18":[1]},"fnMap":{"0":{"name":"Object.<anonymous>","decl":{"start":{"line":1,"column":0},"end":{"line":143,"column":51}},"loc":{"start":{"line":1,"column":0},"end":{"line":143,"column":51}},"line":1},"1":{"name":"__markAsModule","decl":{"start":{"line":11,"column":35},"end":{"line":16,"column":0}},"loc":{"start":{"line":11,"column":35},"end":{"line":16,"column":0}},"line":11},"2":{"name":"__export","decl":{"start":{"line":16,"column":17},"end":{"line":24,"column":20}},"loc":{"start":{"line":16,"column":17},"end":{"line":24,"column":20}},"line":16},"3":{"name":"__reExport","decl":{"start":{"line":28,"column":3},"end":{"line":46,"column":46}},"loc":{"start":{"line":28,"column":3},"end":{"line":46,"column":46}},"line":28},"4":{"name":"get","decl":{"start":{"line":42,"column":40},"end":{"line":43,"column":2}},"loc":{"start":{"line":42,"column":40},"end":{"line":43,"column":2}},"line":42},"5":{"name":"__toESM","decl":{"start":{"line":47,"column":7},"end":{"line":66,"column":29}},"loc":{"start":{"line":47,"column":7},"end":{"line":66,"column":29}},"line":47},"6":{"name":"get","decl":{"start":{"line":62,"column":37},"end":{"line":63,"column":5}},"loc":{"start":{"line":62,"column":37},"end":{"line":63,"column":5}},"line":62},"7":{"name":"renderer","decl":{"start":{"line":90,"column":16},"end":{"line":90,"column":30}},"loc":{"start":{"line":90,"column":16},"end":{"line":90,"column":30}},"line":90},"8":{"name":"appendInitialChild","decl":{"start":{"line":114,"column":7},"end":{"line":119,"column":2}},"loc":{"start":{"line":114,"column":7},"end":{"line":119,"column":2}},"line":114},"9":{"name":"createInstance","decl":{"start":{"line":120,"column":0},"end":{"line":125,"column":9}},"loc":{"start":{"line":120,"column":0},"end":{"line":125,"column":9}},"line":120},"10":{"name":"createTextInstance","decl":{"start":{"line":125,"column":13},"end":{"line":130,"column":17}},"loc":{"start":{"line":125,"column":13},"end":{"line":130,"column":17}},"line":125},"11":{"name":"finalizeInitialChildren","decl":{"start":{"line":130,"column":21},"end":{"line":134,"column":10}},"loc":{"start":{"line":130,"column":21},"end":{"line":134,"column":10}},"line":130},"12":{"name":"getPublicInstance","decl":{"start":{"line":134,"column":14},"end":{"line":135,"column":15}},"loc":{"start":{"line":134,"column":14},"end":{"line":135,"column":15}},"line":134},"13":{"name":"prepareForCommit","decl":{"start":{"line":135,"column":19},"end":{"line":138,"column":3}},"loc":{"start":{"line":135,"column":19},"end":{"line":138,"column":3}},"line":135},"14":{"name":"clearContainer","decl":{"start":{"line":138,"column":7},"end":{"line":138,"column":29}},"loc":{"start":{"line":138,"column":7},"end":{"line":138,"column":29}},"line":138},"15":{"name":"prepareUpdate","decl":{"start":{"line":138,"column":33},"end":{"line":143,"column":45}},"loc":{"start":{"line":138,"column":33},"end":{"line":143,"column":45}},"line":138},"16":{"name":"resetAfterCommit","decl":{"start":{"line":143,"column":49},"end":{"line":143,"column":51}},"loc":{"start":{"line":143,"column":49},"end":{"line":143,"column":51}},"line":143}},"f":{"0":1,"1":4,"2":1,"3":4,"4":1,"5":3,"6":0,"7":1,"8":0,"9":0,"10":0,"11":0,"12":0,"13":0,"14":0,"15":0,"16":0}}
,"C:\\Users\\marco\\WebstormProjects\\pptx-renderer\\packages\\renderer\\src\\props-equal.js": {"path":"C:\\Users\\marco\\WebstormProjects\\pptx-renderer\\packages\\renderer\\src\\props-equal.js","all":false,"statementMap":{"0":{"start":{"line":1,"column":0},"end":{"line":1,"column":30}},"1":{"start":{"line":2,"column":0},"end":{"line":2,"column":38}},"2":{"start":{"line":3,"column":0},"end":{"line":3,"column":38}},"3":{"start":{"line":4,"column":0},"end":{"line":4,"column":0}},"4":{"start":{"line":5,"column":0},"end":{"line":5,"column":52}},"5":{"start":{"line":6,"column":0},"end":{"line":6,"column":17}},"6":{"start":{"line":7,"column":0},"end":{"line":7,"column":3}},"7":{"start":{"line":8,"column":0},"end":{"line":8,"column":0}},"8":{"start":{"line":9,"column":0},"end":{"line":9,"column":52}},"9":{"start":{"line":10,"column":0},"end":{"line":10,"column":37}},"10":{"start":{"line":11,"column":0},"end":{"line":11,"column":0}},"11":{"start":{"line":12,"column":0},"end":{"line":12,"column":65}},"12":{"start":{"line":13,"column":0},"end":{"line":13,"column":19}},"13":{"start":{"line":14,"column":0},"end":{"line":14,"column":5}},"14":{"start":{"line":15,"column":0},"end":{"line":15,"column":0}},"15":{"start":{"line":16,"column":0},"end":{"line":16,"column":65}},"16":{"start":{"line":17,"column":0},"end":{"line":17,"column":10}},"17":{"start":{"line":18,"column":0},"end":{"line":18,"column":42}},"18":{"start":{"line":19,"column":0},"end":{"line":19,"column":44}},"19":{"start":{"line":20,"column":0},"end":{"line":20,"column":46}},"20":{"start":{"line":21,"column":0},"end":{"line":21,"column":9}},"21":{"start":{"line":22,"column":0},"end":{"line":22,"column":17}},"22":{"start":{"line":23,"column":0},"end":{"line":23,"column":7}},"23":{"start":{"line":24,"column":0},"end":{"line":24,"column":0}},"24":{"start":{"line":25,"column":0},"end":{"line":25,"column":19}},"25":{"start":{"line":26,"column":0},"end":{"line":26,"column":5}},"26":{"start":{"line":27,"column":0},"end":{"line":27,"column":0}},"27":{"start":{"line":28,"column":0},"end":{"line":28,"column":8}},"28":{"start":{"line":29,"column":0},"end":{"line":29,"column":32}},"29":{"start":{"line":30,"column":0},"end":{"line":30,"column":76}},"30":{"start":{"line":31,"column":0},"end":{"line":31,"column":7}},"31":{"start":{"line":32,"column":0},"end":{"line":32,"column":41}},"32":{"start":{"line":33,"column":0},"end":{"line":33,"column":5}},"33":{"start":{"line":34,"column":0},"end":{"line":34,"column":3}},"34":{"start":{"line":35,"column":0},"end":{"line":35,"column":0}},"35":{"start":{"line":36,"column":0},"end":{"line":36,"column":14}},"36":{"start":{"line":37,"column":0},"end":{"line":37,"column":2}},"37":{"start":{"line":38,"column":0},"end":{"line":38,"column":0}},"38":{"start":{"line":39,"column":0},"end":{"line":39,"column":26}}},"s":{"0":1,"1":1,"2":1,"3":1,"4":1,"5":1,"6":1,"7":1,"8":1,"9":1,"10":1,"11":1,"12":1,"13":1,"14":1,"15":1,"16":1,"17":1,"18":1,"19":1,"20":1,"21":1,"22":1,"23":1,"24":1,"25":1,"26":1,"27":1,"28":1,"29":1,"30":1,"31":1,"32":1,"33":1,"34":1,"35":1,"36":1,"37":1,"38":1},"branchMap":{"0":{"type":"branch","line":1,"loc":{"start":{"line":1,"column":0},"end":{"line":39,"column":26}},"locations":[{"start":{"line":1,"column":0},"end":{"line":39,"column":26}}]},"1":{"type":"branch","line":1,"loc":{"start":{"line":1,"column":0},"end":{"line":39,"column":26}},"locations":[{"start":{"line":1,"column":0},"end":{"line":39,"column":26}}]},"2":{"type":"branch","line":9,"loc":{"start":{"line":9,"column":34},"end":{"line":12,"column":2}},"locations":[{"start":{"line":9,"column":34},"end":{"line":12,"column":2}}]},"3":{"type":"branch","line":12,"loc":{"start":{"line":12,"column":19},"end":{"line":16,"column":37}},"locations":[{"start":{"line":12,"column":19},"end":{"line":16,"column":37}}]},"4":{"type":"branch","line":16,"loc":{"start":{"line":16,"column":56},"end":{"line":36,"column":8}},"locations":[{"start":{"line":16,"column":56},"end":{"line":36,"column":8}}]},"5":{"type":"branch","line":19,"loc":{"start":{"line":19,"column":23},"end":{"line":20,"column":10}},"locations":[{"start":{"line":19,"column":23},"end":{"line":20,"column":10}}]},"6":{"type":"branch","line":29,"loc":{"start":{"line":29,"column":0},"end":{"line":29,"column":20}},"locations":[{"start":{"line":29,"column":0},"end":{"line":29,"column":20}}]}},"b":{"0":[1],"1":[1],"2":[1],"3":[1],"4":[1],"5":[0],"6":[0]},"fnMap":{"0":{"name":"Object.<anonymous>","decl":{"start":{"line":1,"column":0},"end":{"line":39,"column":26}},"loc":{"start":{"line":1,"column":0},"end":{"line":39,"column":26}},"line":1},"1":{"name":"__markAsModule","decl":{"start":{"line":9,"column":34},"end":{"line":12,"column":2}},"loc":{"start":{"line":9,"column":34},"end":{"line":12,"column":2}},"line":9},"2":{"name":"__export","decl":{"start":{"line":12,"column":19},"end":{"line":16,"column":37}},"loc":{"start":{"line":12,"column":19},"end":{"line":16,"column":37}},"line":12},"3":{"name":"__reExport","decl":{"start":{"line":16,"column":56},"end":{"line":36,"column":8}},"loc":{"start":{"line":16,"column":56},"end":{"line":36,"column":8}},"line":16},"4":{"name":"get","decl":{"start":{"line":30,"column":28},"end":{"line":30,"column":46}},"loc":{"start":{"line":30,"column":28},"end":{"line":30,"column":46}},"line":30}},"f":{"0":1,"1":1,"2":1,"3":1,"4":0}}
}
