TN:
SF:packages\primitives\src\index.js
FN:1,Object.<anonymous>
FN:13,__markAsModule
FN:18,__export
FN:25,__reExport
FNF:4
FNH:4
FNDA:1,Object.<anonymous>
FNDA:1,__markAsModule
FNDA:1,__export
FNDA:1,__reExport
DA:1,1
DA:2,1
DA:3,1
DA:4,1
DA:5,1
DA:6,1
DA:7,1
DA:8,1
DA:9,1
DA:10,1
DA:11,1
DA:12,1
DA:13,1
DA:14,1
DA:15,1
DA:16,1
DA:17,1
DA:18,1
DA:19,1
DA:20,1
DA:21,1
DA:22,14
DA:23,14
DA:24,14
DA:25,1
DA:26,1
DA:27,1
LF:27
LH:27
BRDA:1,0,0,1
BRDA:1,1,0,1
BRDA:13,2,0,1
BRDA:18,3,0,1
BRDA:21,4,0,14
BRDA:25,5,0,1
BRF:6
BRH:6
end_of_record
TN:
SF:packages\renderer\src\host.js
FN:1,Object.<anonymous>
FN:11,__markAsModule
FN:16,__export
FN:28,__reExport
FN:42,get
FN:47,__toESM
FN:62,get
FN:90,renderer
FN:114,appendInitialChild
FN:120,createInstance
FN:125,createTextInstance
FN:130,finalizeInitialChildren
FN:134,getPublicInstance
FN:135,prepareForCommit
FN:138,clearContainer
FN:138,prepareUpdate
FN:143,resetAfterCommit
FNF:17
FNH:7
FNDA:1,Object.<anonymous>
FNDA:4,__markAsModule
FNDA:1,__export
FNDA:4,__reExport
FNDA:1,get
FNDA:3,__toESM
FNDA:0,get
FNDA:1,renderer
FNDA:0,appendInitialChild
FNDA:0,createInstance
FNDA:0,createTextInstance
FNDA:0,finalizeInitialChildren
FNDA:0,getPublicInstance
FNDA:0,prepareForCommit
FNDA:0,clearContainer
FNDA:0,prepareUpdate
FNDA:0,resetAfterCommit
DA:1,1
DA:2,1
DA:3,1
DA:4,1
DA:5,1
DA:6,1
DA:7,1
DA:8,1
DA:9,1
DA:10,1
DA:11,1
DA:12,4
DA:13,4
DA:14,4
DA:15,4
DA:16,1
DA:17,1
DA:18,1
DA:19,1
DA:20,1
DA:21,1
DA:22,1
DA:23,1
DA:24,1
DA:25,1
DA:26,1
DA:27,1
DA:28,1
DA:29,4
DA:30,4
DA:31,4
DA:32,1
DA:33,1
DA:34,4
DA:35,4
DA:36,21
DA:37,21
DA:38,18
DA:39,17
DA:40,17
DA:41,17
DA:42,21
DA:43,18
DA:44,18
DA:45,18
DA:46,1
DA:47,1
DA:48,3
DA:49,3
DA:50,3
DA:51,3
DA:52,3
DA:53,3
DA:54,3
DA:55,3
DA:56,3
DA:57,3
DA:58,3
DA:59,3
DA:60,3
DA:61,3
DA:62,3
DA:63,3
DA:64,1
DA:65,1
DA:66,1
DA:67,1
DA:68,1
DA:69,1
DA:70,1
DA:71,1
DA:72,1
DA:73,1
DA:74,1
DA:75,1
DA:76,1
DA:77,1
DA:78,1
DA:79,1
DA:80,1
DA:81,1
DA:82,1
DA:83,1
DA:84,1
DA:85,1
DA:86,1
DA:87,1
DA:88,1
DA:89,1
DA:90,1
DA:91,1
DA:92,1
DA:93,1
DA:94,1
DA:95,1
DA:96,1
DA:97,1
DA:98,1
DA:99,1
DA:100,1
DA:101,1
DA:102,1
DA:103,1
DA:104,1
DA:105,1
DA:106,1
DA:107,1
DA:108,1
DA:109,1
DA:110,1
DA:111,1
DA:112,1
DA:113,1
DA:114,1
DA:115,0
DA:116,0
DA:117,0
DA:118,0
DA:119,1
DA:120,0
DA:121,0
DA:122,0
DA:123,0
DA:124,0
DA:125,1
DA:126,0
DA:127,0
DA:128,0
DA:129,0
DA:130,1
DA:131,0
DA:132,0
DA:133,0
DA:134,1
DA:135,1
DA:136,0
DA:137,0
DA:138,1
DA:139,0
DA:140,0
DA:141,0
DA:142,0
DA:143,1
LF:143
LH:121
BRDA:1,0,0,1
BRDA:1,1,0,1
BRDA:86,2,0,0
BRDA:11,3,0,4
BRDA:16,4,0,1
BRDA:28,5,0,4
BRDA:31,6,0,1
BRDA:35,7,0,21
BRDA:37,8,0,18
BRDA:38,9,0,17
BRDA:42,10,0,18
BRDA:42,11,0,1
BRDA:47,12,0,3
BRDA:58,13,0,0
BRDA:62,14,0,2
BRDA:63,15,0,1
BRDA:70,16,0,1
BRDA:71,17,0,1
BRDA:90,18,0,1
BRF:19
BRH:17
end_of_record
TN:
SF:packages\renderer\src\props-equal.js
FN:1,Object.<anonymous>
FN:9,__markAsModule
FN:12,__export
FN:16,__reExport
FN:30,get
FNF:5
FNH:4
FNDA:1,Object.<anonymous>
FNDA:1,__markAsModule
FNDA:1,__export
FNDA:1,__reExport
FNDA:0,get
DA:1,1
DA:2,1
DA:3,1
DA:4,1
DA:5,1
DA:6,1
DA:7,1
DA:8,1
DA:9,1
DA:10,1
DA:11,1
DA:12,1
DA:13,1
DA:14,1
DA:15,1
DA:16,1
DA:17,1
DA:18,1
DA:19,1
DA:20,1
DA:21,1
DA:22,1
DA:23,1
DA:24,1
DA:25,1
DA:26,1
DA:27,1
DA:28,1
DA:29,1
DA:30,1
DA:31,1
DA:32,1
DA:33,1
DA:34,1
DA:35,1
DA:36,1
DA:37,1
DA:38,1
DA:39,1
LF:39
LH:39
BRDA:1,0,0,1
BRDA:1,1,0,1
BRDA:9,2,0,1
BRDA:12,3,0,1
BRDA:16,4,0,1
BRDA:19,5,0,0
BRDA:29,6,0,0
BRF:7
BRH:5
end_of_record
